<?xml version="1.0" encoding="UTF-8"?>
<testng-results ignored="0" total="1" passed="1" failed="0" skipped="0">
  <reporter-output>
  </reporter-output>
  <suite started-at="2025-02-19T22:30:59 EST" name="Default suite" finished-at="2025-02-19T22:31:10 EST" duration-ms="11012">
    <groups>
    </groups>
    <test started-at="2025-02-19T22:30:59 EST" name="Default test" finished-at="2025-02-19T22:31:10 EST" duration-ms="11012">
      <class name="TestNG1">
        <test-method signature="test()[pri:0, instance:TestNG1@38cee291]" started-at="2025-02-19T22:31:00 EST" name="test" finished-at="2025-02-19T22:31:10 EST" duration-ms="10951" status="PASS">
          <reporter-output>
          </reporter-output>
        </test-method> <!-- test -->
      </class> <!-- TestNG1 -->
    </test> <!-- Default test -->
  </suite> <!-- Default suite -->
</testng-results>
